<?xml version="1.0" encoding="UTF-8"?>
<!-- Generated by org.testng.reporters.JUnitReportReporter -->
<testsuite hostname="chaut" failures="0" tests="1" name="api_automation.TestingField.GoreTesting2" time="0.001" errors="0" timestamp="2025-08-10T06:43:31 EDT" skipped="0">
  <testcase classname="api_automation.TestingField.GoreTesting2" name="user_create_requestData" time="0.001"/>
</testsuite> <!-- api_automation.TestingField.GoreTesting2 -->
